<?xml version="1.0" encoding="UTF-8"?>
<coverage generated="1726173300419" clover="3.2.0">
  <project timestamp="1726173300419" name="All files">
    <metrics statements="4" coveredstatements="4" conditionals="0" coveredconditionals="0" methods="1" coveredmethods="1" elements="5" coveredelements="5" complexity="0" loc="4" ncloc="4" packages="1" files="1" classes="1"/>
    <file name="dayInCycleCalculation.js" path="/Users/nickhumberstone/Coding Projects/retrospect-server/functions/dayInCycleCalculation.js">
      <metrics statements="4" coveredstatements="4" conditionals="0" coveredconditionals="0" methods="1" coveredmethods="1"/>
      <line num="2" count="1" type="stmt"/>
      <line num="3" count="1" type="stmt"/>
      <line num="4" count="1" type="stmt"/>
      <line num="6" count="1" type="stmt"/>
    </file>
  </project>
</coverage>
