{"/Users/nickhumberstone/Coding Projects/retrospect-server/functions/dayInCycleCalculation.js": {"path":"/Users/nickhumberstone/Coding Projects/retrospect-server/functions/dayInCycleCalculation.js","statementMap":{"0":{"start":{"line":2,"column":20},"end":{"line":2,"column":42}},"1":{"start":{"line":3,"column":20},"end":{"line":3,"column":30}},"2":{"start":{"line":4,"column":25},"end":{"line":4,"column":58}},"3":{"start":{"line":6,"column":2},"end":{"line":6,"column":31}}},"fnMap":{"0":{"name":"dayInCycleCalculation","decl":{"start":{"line":1,"column":9},"end":{"line":1,"column":30}},"loc":{"start":{"line":1,"column":33},"end":{"line":9,"column":1}},"line":1}},"branchMap":{},"s":{"0":1,"1":1,"2":1,"3":1},"f":{"0":1},"b":{},"_coverageSchema":"1a1c01bbd47fc00a2c39e90264f33305004495a9","hash":"a8ffb88c03e1ef02e6425371e0bbb8638bf6c0d3"}
}
